<?xml version="1.0" encoding="UTF-8"?>
<testng-results ignored="0" total="4" passed="2" failed="1" skipped="1">
  <reporter-output>
  </reporter-output>
  <suite started-at="2023-10-18T16:31:39 IST" name="Suite" finished-at="2023-10-18T16:31:39 IST" duration-ms="113">
    <groups>
      <group name="Smoke">
        <method signature="Groups.print1(java.lang.String)[pri:0, instance:testng.Groups@6cf0e0ba]" name="print1" class="testng.Groups"/>
        <method signature="TestNG.print()[pri:0, instance:testng.TestNG@409bf450]" name="print" class="testng.TestNG"/>
      </group> <!-- Smoke -->
    </groups>
    <test started-at="2023-10-18T16:31:39 IST" name="Test" finished-at="2023-10-18T16:31:39 IST" duration-ms="113">
      <class name="testng.TestNG">
        <test-method signature="outPut()[pri:0, instance:testng.TestNG@409bf450]" started-at="2023-10-18T16:31:39 IST" name="outPut" finished-at="2023-10-18T16:31:39 IST" duration-ms="18" status="PASS">
          <reporter-output>
          </reporter-output>
        </test-method> <!-- outPut -->
        <test-method signature="print()[pri:0, instance:testng.TestNG@409bf450]" started-at="2023-10-18T16:31:39 IST" name="print" finished-at="2023-10-18T16:31:39 IST" duration-ms="17" status="PASS">
          <reporter-output>
          </reporter-output>
        </test-method> <!-- print -->
      </class> <!-- testng.TestNG -->
      <class name="testng.Groups">
        <test-method signature="print1(java.lang.String)[pri:0, instance:testng.Groups@6cf0e0ba]" started-at="2023-10-18T16:31:39 IST" name="print1" finished-at="2023-10-18T16:31:39 IST" duration-ms="0" status="FAIL">
          <exception class="org.testng.TestNGException">
            <message>
              <![CDATA[
Parameter 'URL' is required by @Test on method print1 but has not been marked @Optional or defined
in F:\Sofi Learning\Selenium\SeleniumPrograms\ReviseSelenium\parallel.xml]]>
            </message>
            <full-stacktrace>
              <![CDATA[org.testng.TestNGException: 
Parameter 'URL' is required by @Test on method print1 but has not been marked @Optional or defined
in F:\Sofi Learning\Selenium\SeleniumPrograms\ReviseSelenium\parallel.xml
at org.testng.internal.Parameters.createParams(Parameters.java:267)
at org.testng.internal.Parameters.createParametersForMethod(Parameters.java:355)
at org.testng.internal.Parameters.createParameters(Parameters.java:684)
at org.testng.internal.Parameters.handleParameters(Parameters.java:879)
at org.testng.internal.Parameters.handleParameters(Parameters.java:728)
at org.testng.internal.invokers.ParameterHandler.handleParameters(ParameterHandler.java:72)
at org.testng.internal.invokers.ParameterHandler.createParameters(ParameterHandler.java:51)
at org.testng.internal.invokers.TestInvoker$MethodInvocationAgent.invoke(TestInvoker.java:911)
at org.testng.internal.invokers.TestInvoker.invokeTestMethods(TestInvoker.java:200)
at org.testng.internal.invokers.TestMethodWorker.invokeTestMethods(TestMethodWorker.java:148)
at org.testng.internal.invokers.TestMethodWorker.run(TestMethodWorker.java:128)
at java.base/java.util.concurrent.ThreadPoolExecutor.runWorker(ThreadPoolExecutor.java:1144)
at java.base/java.util.concurrent.ThreadPoolExecutor$Worker.run(ThreadPoolExecutor.java:642)
at java.base/java.lang.Thread.run(Thread.java:1623)
]]>
            </full-stacktrace>
          </exception> <!-- org.testng.TestNGException -->
          <reporter-output>
          </reporter-output>
        </test-method> <!-- print1 -->
        <test-method signature="print2()[pri:0, instance:testng.Groups@6cf0e0ba]" started-at="2023-10-18T16:31:39 IST" name="print2" finished-at="2023-10-18T16:31:39 IST" depends-on-methods="testng.Groups.print1" duration-ms="0" status="SKIP">
          <exception class="java.lang.Throwable">
            <message>
              <![CDATA[Method testng.Groups.print2() on instance testng.Groups@6cf0e0ba depends on not successfully finished methods 
[testng.Groups.print1() on instance testng.Groups@6cf0e0ba]]]>
            </message>
            <full-stacktrace>
              <![CDATA[java.lang.Throwable: Method testng.Groups.print2() on instance testng.Groups@6cf0e0ba depends on not successfully finished methods 
[testng.Groups.print1() on instance testng.Groups@6cf0e0ba]
at org.testng.internal.invokers.TestInvoker.invokeTestMethods(TestInvoker.java:156)
at org.testng.internal.invokers.TestMethodWorker.invokeTestMethods(TestMethodWorker.java:148)
at org.testng.internal.invokers.TestMethodWorker.run(TestMethodWorker.java:128)
at java.base/java.util.concurrent.ThreadPoolExecutor.runWorker(ThreadPoolExecutor.java:1144)
at java.base/java.util.concurrent.ThreadPoolExecutor$Worker.run(ThreadPoolExecutor.java:642)
at java.base/java.lang.Thread.run(Thread.java:1623)
]]>
            </full-stacktrace>
          </exception> <!-- java.lang.Throwable -->
          <reporter-output>
          </reporter-output>
        </test-method> <!-- print2 -->
      </class> <!-- testng.Groups -->
    </test> <!-- Test -->
  </suite> <!-- Suite -->
</testng-results>
